<?xml version="1.0" encoding="UTF-8"?>
<!-- Generated by org.testng.reporters.JUnitReportReporter -->
<testsuite skipped="0" hostname="SahithyaDasari" name="com.crm.qa.testcases.LoginPageTest" tests="1" failures="0" timestamp="2023-06-19T23:05:19 IST" time="5.914" errors="0">
  <testcase name="loginTest" time="5.914" classname="com.crm.qa.testcases.LoginPageTest"/>
  <system-out/>
</testsuite> <!-- com.crm.qa.testcases.LoginPageTest -->
